[debug] [2023-04-09T14:35:32.643Z] ----------------------------------------------------------------------
[debug] [2023-04-09T14:35:32.646Z] Command:       /usr/local/Cellar/node/19.8.1/bin/node /usr/local/bin/firebase init
[debug] [2023-04-09T14:35:32.646Z] CLI Version:   11.25.3
[debug] [2023-04-09T14:35:32.646Z] Platform:      darwin
[debug] [2023-04-09T14:35:32.647Z] Node Version:  v19.8.1
[debug] [2023-04-09T14:35:32.647Z] Time:          Sun Apr 09 2023 16:35:32 GMT+0200 (Central European Summer Time)
[debug] [2023-04-09T14:35:32.647Z] ----------------------------------------------------------------------
[debug] 
[debug] [2023-04-09T14:35:32.707Z] > command requires scopes: ["email","openid","https://www.googleapis.com/auth/cloudplatformprojects.readonly","https://www.googleapis.com/auth/firebase","https://www.googleapis.com/auth/cloud-platform"]
[debug] [2023-04-09T14:35:32.707Z] > authorizing via signed-in user (sakalosj@gmail.com)
[info] 
     ######## #### ########  ######## ########     ###     ######  ########
     ##        ##  ##     ## ##       ##     ##  ##   ##  ##       ##
     ######    ##  ########  ######   ########  #########  ######  ######
     ##        ##  ##    ##  ##       ##     ## ##     ##       ## ##
     ##       #### ##     ## ######## ########  ##     ##  ######  ########

You're about to initialize a Firebase project in this directory:

  /Users/jsakalos/projects/test-app1

Before we get started, keep in mind:

  * You are initializing within an existing Firebase project directory

[info] 
=== Project Setup
[info] 
[info] First, let's associate this project directory with a Firebase project.
[info] You can create multiple project aliases by running firebase use --add, 
[info] but for now we'll just set up a default project.
[info] 
[debug] [2023-04-09T14:44:07.064Z] >>> [apiv2][query] GET https://firebase.googleapis.com/v1beta1/projects pageSize=100
[debug] [2023-04-09T14:44:07.715Z] <<< [apiv2][status] GET https://firebase.googleapis.com/v1beta1/projects 200
[debug] [2023-04-09T14:44:07.715Z] <<< [apiv2][body] GET https://firebase.googleapis.com/v1beta1/projects [omitted]
[info] i  Using project pwa-an (pwa-an) 
[info] 
=== Hosting Setup
[info] 
[info] Your public directory is the folder (relative to your project directory) that
[info] will contain Hosting assets to be uploaded with firebase deploy. If you
[info] have a build process for your assets, use your build's output directory.
[info] 
[info] ✔  Wrote public/404.html 
[debug] [2023-04-09T14:44:55.631Z] >>> [apiv2][query] GET https://www.gstatic.com/firebasejs/releases.json [none]
[debug] [2023-04-09T14:44:55.842Z] <<< [apiv2][status] GET https://www.gstatic.com/firebasejs/releases.json 200
[debug] [2023-04-09T14:44:55.843Z] <<< [apiv2][body] GET https://www.gstatic.com/firebasejs/releases.json {"current":{"version":"9.19.1","browserURL":"https://www.gstatic.com/firebasejs/9.19.1/firebase.js","packageURL":"https://www.gstatic.com/firebasejs/9.19.1/firebase.tgz"},"live":{"version":"9.19","browserURL":"https://www.gstatic.com/firebasejs/live/9.19/firebase.js","packageURL":"https://www.gstatic.com/firebasejs/live/9.19/firebase.tgz"},"components":{"analytics":"https://www.gstatic.com/firebasejs/9.19.1/firebase-analytics.js","app":"https://www.gstatic.com/firebasejs/9.19.1/firebase-app.js","app-check":"https://www.gstatic.com/firebasejs/9.19.1/firebase-app-check.js","auth":"https://www.gstatic.com/firebasejs/9.19.1/firebase-auth.js","auth/cordova":"https://www.gstatic.com/firebasejs/9.19.1/firebase-auth/cordova.js","auth/react-native":"https://www.gstatic.com/firebasejs/9.19.1/firebase-auth/react-native.js","functions":"https://www.gstatic.com/firebasejs/9.19.1/firebase-functions.js","firestore":"https://www.gstatic.com/firebasejs/9.19.1/firebase-firestore.js","firestore/lite":"https://www.gstatic.com/firebasejs/9.19.1/firebase-firestore/lite.js","installations":"https://www.gstatic.com/firebasejs/9.19.1/firebase-installations.js","storage":"https://www.gstatic.com/firebasejs/9.19.1/firebase-storage.js","performance":"https://www.gstatic.com/firebasejs/9.19.1/firebase-performance.js","remote-config":"https://www.gstatic.com/firebasejs/9.19.1/firebase-remote-config.js","messaging":"https://www.gstatic.com/firebasejs/9.19.1/firebase-messaging.js","messaging/sw":"https://www.gstatic.com/firebasejs/9.19.1/firebase-messaging/sw.js","database":"https://www.gstatic.com/firebasejs/9.19.1/firebase-database.js","firestore.memory":"https://www.gstatic.com/firebasejs/9.19.1/firebase-firestore.memory.js"}}
[info] ✔  Wrote public/index.html 
[info] 
[info] i  Detected a .git folder at /Users/jsakalos/projects/test-app1 
[info] i  Authorizing with GitHub to upload your service account to a GitHub repository's secrets store. 
[info] 
[info] Visit this URL on this device to log in:
[info] https://github.com/login/oauth/authorize?client_id=89cf50f02ac6aaed3484&state=970481805&redirect_uri=http%3A%2F%2Flocalhost%3A9005&scope=read%3Auser%20repo%20public_repo
[info] 
[info] Waiting for authentication...
[debug] [2023-04-09T14:45:25.482Z] >>> [apiv2][query] POST https://github.com/login/oauth/access_token [none]
[debug] [2023-04-09T14:45:25.482Z] >>> [apiv2][body] POST https://github.com/login/oauth/access_token [stream]
[debug] [2023-04-09T14:45:25.755Z] <<< [apiv2][status] POST https://github.com/login/oauth/access_token 200
[debug] [2023-04-09T14:45:25.755Z] <<< [apiv2][body] POST https://github.com/login/oauth/access_token {"access_token":"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","token_type":"bearer","scope":"read:user,repo"}
[debug] [2023-04-09T14:45:25.758Z] >>> [apiv2][query] GET https://api.github.com/user [none]
[debug] [2023-04-09T14:45:26.337Z] <<< [apiv2][status] GET https://api.github.com/user 200
[debug] [2023-04-09T14:45:26.337Z] <<< [apiv2][body] GET https://api.github.com/user {"login":"sakalosj","id":7654857,"node_id":"MDQ6VXNlcjc2NTQ4NTc=","avatar_url":"https://avatars.githubusercontent.com/u/7654857?v=4","gravatar_id":"","url":"https://api.github.com/users/sakalosj","html_url":"https://github.com/sakalosj","followers_url":"https://api.github.com/users/sakalosj/followers","following_url":"https://api.github.com/users/sakalosj/following{/other_user}","gists_url":"https://api.github.com/users/sakalosj/gists{/gist_id}","starred_url":"https://api.github.com/users/sakalosj/starred{/owner}{/repo}","subscriptions_url":"https://api.github.com/users/sakalosj/subscriptions","organizations_url":"https://api.github.com/users/sakalosj/orgs","repos_url":"https://api.github.com/users/sakalosj/repos","events_url":"https://api.github.com/users/sakalosj/events{/privacy}","received_events_url":"https://api.github.com/users/sakalosj/received_events","type":"User","site_admin":false,"name":"Ján Sakáloš","company":null,"blog":"","location":null,"email":null,"hireable":null,"bio":null,"twitter_username":null,"public_repos":24,"public_gists":0,"followers":0,"following":0,"created_at":"2014-05-21T06:56:46Z","updated_at":"2023-03-08T11:47:43Z","private_gists":0,"total_private_repos":9,"owned_private_repos":9,"disk_usage":5155,"collaborators":1,"two_factor_authentication":true,"plan":{"name":"free","space":976562499,"collaborators":0,"private_repos":10000}}
[info] 
[info] ✔  Success! Logged into GitHub as sakalosj 
[info] 
